<?xml version="1.0" encoding="UTF-8"?>
<coverage generated="1623200607790" clover="3.2.0">
  <project timestamp="1623200607790" name="All files">
    <metrics statements="94" coveredstatements="16" conditionals="37" coveredconditionals="1" methods="47" coveredmethods="9" elements="178" coveredelements="26" complexity="0" loc="94" ncloc="94" packages="4" files="15" classes="15"/>
    <package name="src">
      <metrics statements="49" coveredstatements="0" conditionals="34" coveredconditionals="0" methods="18" coveredmethods="0"/>
      <file name="App.js" path="D:\Users\Lz.Gui\Google Drive\Acadêmico\Análise e Desenvolvimento de Sistemas\04_Programação WEB\Exercícios_Desenvolvimento WEB\LojaVirtualReact\src\App.js">
        <metrics statements="9" coveredstatements="0" conditionals="2" coveredconditionals="0" methods="3" coveredmethods="0"/>
        <line num="13" count="0" type="stmt"/>
        <line num="15" count="0" type="stmt"/>
        <line num="16" count="0" type="stmt"/>
        <line num="18" count="0" type="cond" truecount="0" falsecount="2"/>
        <line num="19" count="0" type="stmt"/>
        <line num="21" count="0" type="stmt"/>
        <line num="26" count="0" type="stmt"/>
        <line num="29" count="0" type="stmt"/>
        <line num="32" count="0" type="stmt"/>
      </file>
      <file name="index.js" path="D:\Users\Lz.Gui\Google Drive\Acadêmico\Análise e Desenvolvimento de Sistemas\04_Programação WEB\Exercícios_Desenvolvimento WEB\LojaVirtualReact\src\index.js">
        <metrics statements="2" coveredstatements="0" conditionals="0" coveredconditionals="0" methods="0" coveredmethods="0"/>
        <line num="7" count="0" type="stmt"/>
        <line num="12" count="0" type="stmt"/>
      </file>
      <file name="serviceWorker.js" path="D:\Users\Lz.Gui\Google Drive\Acadêmico\Análise e Desenvolvimento de Sistemas\04_Programação WEB\Exercícios_Desenvolvimento WEB\LojaVirtualReact\src\serviceWorker.js">
        <metrics statements="38" coveredstatements="0" conditionals="32" coveredconditionals="0" methods="15" coveredmethods="0"/>
        <line num="13" count="0" type="stmt"/>
        <line num="24" count="0" type="cond" truecount="0" falsecount="4"/>
        <line num="26" count="0" type="stmt"/>
        <line num="27" count="0" type="cond" truecount="0" falsecount="2"/>
        <line num="31" count="0" type="stmt"/>
        <line num="34" count="0" type="stmt"/>
        <line num="35" count="0" type="stmt"/>
        <line num="37" count="0" type="cond" truecount="0" falsecount="2"/>
        <line num="39" count="0" type="stmt"/>
        <line num="43" count="0" type="stmt"/>
        <line num="44" count="0" type="stmt"/>
        <line num="51" count="0" type="stmt"/>
        <line num="58" count="0" type="stmt"/>
        <line num="61" count="0" type="stmt"/>
        <line num="62" count="0" type="stmt"/>
        <line num="63" count="0" type="cond" truecount="0" falsecount="2"/>
        <line num="64" count="0" type="stmt"/>
        <line num="66" count="0" type="stmt"/>
        <line num="67" count="0" type="cond" truecount="0" falsecount="2"/>
        <line num="68" count="0" type="cond" truecount="0" falsecount="2"/>
        <line num="72" count="0" type="stmt"/>
        <line num="78" count="0" type="cond" truecount="0" falsecount="4"/>
        <line num="79" count="0" type="stmt"/>
        <line num="85" count="0" type="stmt"/>
        <line num="88" count="0" type="cond" truecount="0" falsecount="4"/>
        <line num="89" count="0" type="stmt"/>
        <line num="97" count="0" type="stmt"/>
        <line num="103" count="0" type="stmt"/>
        <line num="108" count="0" type="stmt"/>
        <line num="109" count="0" type="cond" truecount="0" falsecount="2"/>
        <line num="114" count="0" type="stmt"/>
        <line num="115" count="0" type="stmt"/>
        <line num="116" count="0" type="stmt"/>
        <line num="121" count="0" type="stmt"/>
        <line num="125" count="0" type="stmt"/>
        <line num="132" count="0" type="cond" truecount="0" falsecount="2"/>
        <line num="133" count="0" type="stmt"/>
        <line num="134" count="0" type="stmt"/>
      </file>
    </package>
    <package name="src.categorias">
      <metrics statements="26" coveredstatements="2" conditionals="1" coveredconditionals="0" methods="15" coveredmethods="0"/>
      <file name="CategoriaScreen.js" path="D:\Users\Lz.Gui\Google Drive\Acadêmico\Análise e Desenvolvimento de Sistemas\04_Programação WEB\Exercícios_Desenvolvimento WEB\LojaVirtualReact\src\categorias\CategoriaScreen.js">
        <metrics statements="16" coveredstatements="0" conditionals="0" coveredconditionals="0" methods="6" coveredmethods="0"/>
        <line num="12" count="0" type="stmt"/>
        <line num="13" count="0" type="stmt"/>
        <line num="14" count="0" type="stmt"/>
        <line num="15" count="0" type="stmt"/>
        <line num="17" count="0" type="stmt"/>
        <line num="18" count="0" type="stmt"/>
        <line num="19" count="0" type="stmt"/>
        <line num="20" count="0" type="stmt"/>
        <line num="22" count="0" type="stmt"/>
        <line num="25" count="0" type="stmt"/>
        <line num="26" count="0" type="stmt"/>
        <line num="27" count="0" type="stmt"/>
        <line num="28" count="0" type="stmt"/>
        <line num="30" count="0" type="stmt"/>
        <line num="33" count="0" type="stmt"/>
        <line num="37" count="0" type="stmt"/>
      </file>
      <file name="MenuCategorias.js" path="D:\Users\Lz.Gui\Google Drive\Acadêmico\Análise e Desenvolvimento de Sistemas\04_Programação WEB\Exercícios_Desenvolvimento WEB\LojaVirtualReact\src\categorias\MenuCategorias.js">
        <metrics statements="3" coveredstatements="0" conditionals="1" coveredconditionals="0" methods="3" coveredmethods="0"/>
        <line num="8" count="0" type="stmt"/>
        <line num="10" count="0" type="stmt"/>
        <line num="14" count="0" type="stmt"/>
      </file>
      <file name="ProdutoApi.js" path="D:\Users\Lz.Gui\Google Drive\Acadêmico\Análise e Desenvolvimento de Sistemas\04_Programação WEB\Exercícios_Desenvolvimento WEB\LojaVirtualReact\src\categorias\ProdutoApi.js">
        <metrics statements="4" coveredstatements="2" conditionals="0" coveredconditionals="0" methods="3" coveredmethods="0"/>
        <line num="1" count="1" type="stmt"/>
        <line num="3" count="1" type="stmt"/>
        <line num="4" count="0" type="stmt"/>
        <line num="5" count="0" type="stmt"/>
      </file>
      <file name="TabelaProdutos.js" path="D:\Users\Lz.Gui\Google Drive\Acadêmico\Análise e Desenvolvimento de Sistemas\04_Programação WEB\Exercícios_Desenvolvimento WEB\LojaVirtualReact\src\categorias\TabelaProdutos.js">
        <metrics statements="3" coveredstatements="0" conditionals="0" coveredconditionals="0" methods="3" coveredmethods="0"/>
        <line num="6" count="0" type="stmt"/>
        <line num="19" count="0" type="stmt"/>
        <line num="28" count="0" type="stmt"/>
      </file>
    </package>
    <package name="src.compras">
      <metrics statements="3" coveredstatements="0" conditionals="1" coveredconditionals="0" methods="3" coveredmethods="0"/>
      <file name="ComprasScreen.js" path="D:\Users\Lz.Gui\Google Drive\Acadêmico\Análise e Desenvolvimento de Sistemas\04_Programação WEB\Exercícios_Desenvolvimento WEB\LojaVirtualReact\src\compras\ComprasScreen.js">
        <metrics statements="1" coveredstatements="0" conditionals="0" coveredconditionals="0" methods="1" coveredmethods="0"/>
        <line num="10" count="0" type="stmt"/>
      </file>
      <file name="TabelaCompras.js" path="D:\Users\Lz.Gui\Google Drive\Acadêmico\Análise e Desenvolvimento de Sistemas\04_Programação WEB\Exercícios_Desenvolvimento WEB\LojaVirtualReact\src\compras\TabelaCompras.js">
        <metrics statements="2" coveredstatements="0" conditionals="1" coveredconditionals="0" methods="2" coveredmethods="0"/>
        <line num="6" count="0" type="stmt"/>
        <line num="20" count="0" type="stmt"/>
      </file>
    </package>
    <package name="src.home">
      <metrics statements="16" coveredstatements="14" conditionals="1" coveredconditionals="1" methods="11" coveredmethods="9"/>
      <file name="CardCategoria.js" path="D:\Users\Lz.Gui\Google Drive\Acadêmico\Análise e Desenvolvimento de Sistemas\04_Programação WEB\Exercícios_Desenvolvimento WEB\LojaVirtualReact\src\home\CardCategoria.js">
        <metrics statements="1" coveredstatements="1" conditionals="0" coveredconditionals="0" methods="1" coveredmethods="1"/>
        <line num="5" count="1" type="stmt"/>
      </file>
      <file name="CategoriaApi.js" path="D:\Users\Lz.Gui\Google Drive\Acadêmico\Análise e Desenvolvimento de Sistemas\04_Programação WEB\Exercícios_Desenvolvimento WEB\LojaVirtualReact\src\home\CategoriaApi.js">
        <metrics statements="4" coveredstatements="2" conditionals="0" coveredconditionals="0" methods="3" coveredmethods="1"/>
        <line num="1" count="2" type="stmt"/>
        <line num="3" count="2" type="stmt"/>
        <line num="4" count="0" type="stmt"/>
        <line num="5" count="0" type="stmt"/>
      </file>
      <file name="Footer.js" path="D:\Users\Lz.Gui\Google Drive\Acadêmico\Análise e Desenvolvimento de Sistemas\04_Programação WEB\Exercícios_Desenvolvimento WEB\LojaVirtualReact\src\home\Footer.js">
        <metrics statements="1" coveredstatements="1" conditionals="0" coveredconditionals="0" methods="1" coveredmethods="1"/>
        <line num="5" count="3" type="stmt"/>
      </file>
      <file name="Header.js" path="D:\Users\Lz.Gui\Google Drive\Acadêmico\Análise e Desenvolvimento de Sistemas\04_Programação WEB\Exercícios_Desenvolvimento WEB\LojaVirtualReact\src\home\Header.js">
        <metrics statements="1" coveredstatements="1" conditionals="1" coveredconditionals="1" methods="1" coveredmethods="1"/>
        <line num="6" count="7" type="stmt"/>
      </file>
      <file name="HomeScreen.js" path="D:\Users\Lz.Gui\Google Drive\Acadêmico\Análise e Desenvolvimento de Sistemas\04_Programação WEB\Exercícios_Desenvolvimento WEB\LojaVirtualReact\src\home\HomeScreen.js">
        <metrics statements="8" coveredstatements="8" conditionals="0" coveredconditionals="0" methods="4" coveredmethods="4"/>
        <line num="17" count="3" type="stmt"/>
        <line num="19" count="3" type="stmt"/>
        <line num="20" count="2" type="stmt"/>
        <line num="23" count="3" type="stmt"/>
        <line num="24" count="2" type="stmt"/>
        <line num="25" count="1" type="stmt"/>
        <line num="28" count="3" type="stmt"/>
        <line num="38" count="1" type="stmt"/>
      </file>
      <file name="TextSite.js" path="D:\Users\Lz.Gui\Google Drive\Acadêmico\Análise e Desenvolvimento de Sistemas\04_Programação WEB\Exercícios_Desenvolvimento WEB\LojaVirtualReact\src\home\TextSite.js">
        <metrics statements="1" coveredstatements="1" conditionals="0" coveredconditionals="0" methods="1" coveredmethods="1"/>
        <line num="5" count="3" type="stmt"/>
      </file>
    </package>
  </project>
</coverage>
