TN:
SF:D:\Users\Lz.Gui\Google Drive\Acadêmico\Análise e Desenvolvimento de Sistemas\04_Programação WEB\Exercícios_Desenvolvimento WEB\LojaVirtualReact\src\App.js
FN:12,App
FN:15,(anonymous_1)
FN:16,(anonymous_2)
FNF:3
FNH:0
FNDA:0,App
FNDA:0,(anonymous_1)
FNDA:0,(anonymous_2)
DA:13,0
DA:15,0
DA:16,0
DA:18,0
DA:19,0
DA:21,0
DA:26,0
DA:29,0
DA:32,0
LF:9
LH:0
BRDA:18,0,0,0
BRDA:18,0,1,0
BRF:2
BRH:0
end_of_record
TN:
SF:D:\Users\Lz.Gui\Google Drive\Acadêmico\Análise e Desenvolvimento de Sistemas\04_Programação WEB\Exercícios_Desenvolvimento WEB\LojaVirtualReact\src\index.js
FNF:0
FNH:0
DA:7,0
DA:12,0
LF:2
LH:0
BRF:0
BRH:0
end_of_record
TN:
SF:D:\Users\Lz.Gui\Google Drive\Acadêmico\Análise e Desenvolvimento de Sistemas\04_Programação WEB\Exercícios_Desenvolvimento WEB\LojaVirtualReact\src\serviceWorker.js
FN:23,register
FN:34,(anonymous_1)
FN:43,(anonymous_2)
FN:57,registerValidSW
FN:60,(anonymous_4)
FN:61,(anonymous_5)
FN:66,(anonymous_6)
FN:96,(anonymous_7)
FN:101,checkValidServiceWorker
FN:106,(anonymous_9)
FN:114,(anonymous_10)
FN:115,(anonymous_11)
FN:124,(anonymous_12)
FN:131,unregister
FN:133,(anonymous_14)
FNF:15
FNH:0
FNDA:0,register
FNDA:0,(anonymous_1)
FNDA:0,(anonymous_2)
FNDA:0,registerValidSW
FNDA:0,(anonymous_4)
FNDA:0,(anonymous_5)
FNDA:0,(anonymous_6)
FNDA:0,(anonymous_7)
FNDA:0,checkValidServiceWorker
FNDA:0,(anonymous_9)
FNDA:0,(anonymous_10)
FNDA:0,(anonymous_11)
FNDA:0,(anonymous_12)
FNDA:0,unregister
FNDA:0,(anonymous_14)
DA:13,0
DA:24,0
DA:26,0
DA:27,0
DA:31,0
DA:34,0
DA:35,0
DA:37,0
DA:39,0
DA:43,0
DA:44,0
DA:51,0
DA:58,0
DA:61,0
DA:62,0
DA:63,0
DA:64,0
DA:66,0
DA:67,0
DA:68,0
DA:72,0
DA:78,0
DA:79,0
DA:85,0
DA:88,0
DA:89,0
DA:97,0
DA:103,0
DA:108,0
DA:109,0
DA:114,0
DA:115,0
DA:116,0
DA:121,0
DA:125,0
DA:132,0
DA:133,0
DA:134,0
LF:38
LH:0
BRDA:14,0,0,0
BRDA:14,0,1,0
BRDA:14,0,2,0
BRDA:24,1,0,0
BRDA:24,1,1,0
BRDA:24,2,0,0
BRDA:24,2,1,0
BRDA:27,3,0,0
BRDA:27,3,1,0
BRDA:37,4,0,0
BRDA:37,4,1,0
BRDA:63,5,0,0
BRDA:63,5,1,0
BRDA:67,6,0,0
BRDA:67,6,1,0
BRDA:68,7,0,0
BRDA:68,7,1,0
BRDA:78,8,0,0
BRDA:78,8,1,0
BRDA:78,9,0,0
BRDA:78,9,1,0
BRDA:88,10,0,0
BRDA:88,10,1,0
BRDA:88,11,0,0
BRDA:88,11,1,0
BRDA:109,12,0,0
BRDA:109,12,1,0
BRDA:110,13,0,0
BRDA:110,13,1,0
BRDA:110,13,2,0
BRDA:132,14,0,0
BRDA:132,14,1,0
BRF:32
BRH:0
end_of_record
TN:
SF:D:\Users\Lz.Gui\Google Drive\Acadêmico\Análise e Desenvolvimento de Sistemas\04_Programação WEB\Exercícios_Desenvolvimento WEB\LojaVirtualReact\src\categorias\CategoriaScreen.js
FN:11,(anonymous_0)
FN:17,(anonymous_1)
FN:18,(anonymous_2)
FN:25,(anonymous_3)
FN:26,(anonymous_4)
FN:37,(anonymous_5)
FNF:6
FNH:0
FNDA:0,(anonymous_0)
FNDA:0,(anonymous_1)
FNDA:0,(anonymous_2)
FNDA:0,(anonymous_3)
FNDA:0,(anonymous_4)
FNDA:0,(anonymous_5)
DA:12,0
DA:13,0
DA:14,0
DA:15,0
DA:17,0
DA:18,0
DA:19,0
DA:20,0
DA:22,0
DA:25,0
DA:26,0
DA:27,0
DA:28,0
DA:30,0
DA:33,0
DA:37,0
LF:16
LH:0
BRF:0
BRH:0
end_of_record
TN:
SF:D:\Users\Lz.Gui\Google Drive\Acadêmico\Análise e Desenvolvimento de Sistemas\04_Programação WEB\Exercícios_Desenvolvimento WEB\LojaVirtualReact\src\categorias\MenuCategorias.js
FN:6,(anonymous_0)
FN:13,(anonymous_1)
FN:14,(anonymous_2)
FNF:3
FNH:0
FNDA:0,(anonymous_0)
FNDA:0,(anonymous_1)
FNDA:0,(anonymous_2)
DA:8,0
DA:10,0
DA:14,0
LF:3
LH:0
BRDA:6,0,0,0
BRF:1
BRH:0
end_of_record
TN:
SF:D:\Users\Lz.Gui\Google Drive\Acadêmico\Análise e Desenvolvimento de Sistemas\04_Programação WEB\Exercícios_Desenvolvimento WEB\LojaVirtualReact\src\categorias\ProdutoApi.js
FN:3,(anonymous_0)
FN:4,(anonymous_1)
FN:5,(anonymous_2)
FNF:3
FNH:0
FNDA:0,(anonymous_0)
FNDA:0,(anonymous_1)
FNDA:0,(anonymous_2)
DA:1,1
DA:3,1
DA:4,0
DA:5,0
LF:4
LH:2
BRF:0
BRH:0
end_of_record
TN:
SF:D:\Users\Lz.Gui\Google Drive\Acadêmico\Análise e Desenvolvimento de Sistemas\04_Programação WEB\Exercícios_Desenvolvimento WEB\LojaVirtualReact\src\categorias\TabelaProdutos.js
FN:5,(anonymous_0)
FN:18,(anonymous_1)
FN:28,(anonymous_2)
FNF:3
FNH:0
FNDA:0,(anonymous_0)
FNDA:0,(anonymous_1)
FNDA:0,(anonymous_2)
DA:6,0
DA:19,0
DA:28,0
LF:3
LH:0
BRF:0
BRH:0
end_of_record
TN:
SF:D:\Users\Lz.Gui\Google Drive\Acadêmico\Análise e Desenvolvimento de Sistemas\04_Programação WEB\Exercícios_Desenvolvimento WEB\LojaVirtualReact\src\compras\ComprasScreen.js
FN:8,(anonymous_0)
FNF:1
FNH:0
FNDA:0,(anonymous_0)
DA:10,0
LF:1
LH:0
BRF:0
BRH:0
end_of_record
TN:
SF:D:\Users\Lz.Gui\Google Drive\Acadêmico\Análise e Desenvolvimento de Sistemas\04_Programação WEB\Exercícios_Desenvolvimento WEB\LojaVirtualReact\src\compras\TabelaCompras.js
FN:5,(anonymous_0)
FN:19,(anonymous_1)
FNF:2
FNH:0
FNDA:0,(anonymous_0)
FNDA:0,(anonymous_1)
DA:6,0
DA:20,0
LF:2
LH:0
BRDA:5,0,0,0
BRF:1
BRH:0
end_of_record
TN:
SF:D:\Users\Lz.Gui\Google Drive\Acadêmico\Análise e Desenvolvimento de Sistemas\04_Programação WEB\Exercícios_Desenvolvimento WEB\LojaVirtualReact\src\home\CardCategoria.js
FN:4,(anonymous_0)
FNF:1
FNH:1
FNDA:1,(anonymous_0)
DA:5,1
LF:1
LH:1
BRF:0
BRH:0
end_of_record
TN:
SF:D:\Users\Lz.Gui\Google Drive\Acadêmico\Análise e Desenvolvimento de Sistemas\04_Programação WEB\Exercícios_Desenvolvimento WEB\LojaVirtualReact\src\home\CategoriaApi.js
FN:3,(anonymous_0)
FN:4,(anonymous_1)
FN:5,(anonymous_2)
FNF:3
FNH:1
FNDA:1,(anonymous_0)
FNDA:0,(anonymous_1)
FNDA:0,(anonymous_2)
DA:1,2
DA:3,2
DA:4,0
DA:5,0
LF:4
LH:2
BRF:0
BRH:0
end_of_record
TN:
SF:D:\Users\Lz.Gui\Google Drive\Acadêmico\Análise e Desenvolvimento de Sistemas\04_Programação WEB\Exercícios_Desenvolvimento WEB\LojaVirtualReact\src\home\Footer.js
FN:4,(anonymous_0)
FNF:1
FNH:1
FNDA:3,(anonymous_0)
DA:5,3
LF:1
LH:1
BRF:0
BRH:0
end_of_record
TN:
SF:D:\Users\Lz.Gui\Google Drive\Acadêmico\Análise e Desenvolvimento de Sistemas\04_Programação WEB\Exercícios_Desenvolvimento WEB\LojaVirtualReact\src\home\Header.js
FN:5,(anonymous_0)
FNF:1
FNH:1
FNDA:7,(anonymous_0)
DA:6,7
LF:1
LH:1
BRDA:5,0,0,6
BRF:1
BRH:1
end_of_record
TN:
SF:D:\Users\Lz.Gui\Google Drive\Acadêmico\Análise e Desenvolvimento de Sistemas\04_Programação WEB\Exercícios_Desenvolvimento WEB\LojaVirtualReact\src\home\HomeScreen.js
FN:15,(anonymous_0)
FN:19,(anonymous_1)
FN:23,(anonymous_2)
FN:37,(anonymous_3)
FNF:4
FNH:4
FNDA:3,(anonymous_0)
FNDA:2,(anonymous_1)
FNDA:2,(anonymous_2)
FNDA:1,(anonymous_3)
DA:17,3
DA:19,3
DA:20,2
DA:23,3
DA:24,2
DA:25,1
DA:28,3
DA:38,1
LF:8
LH:8
BRF:0
BRH:0
end_of_record
TN:
SF:D:\Users\Lz.Gui\Google Drive\Acadêmico\Análise e Desenvolvimento de Sistemas\04_Programação WEB\Exercícios_Desenvolvimento WEB\LojaVirtualReact\src\home\TextSite.js
FN:4,(anonymous_0)
FNF:1
FNH:1
FNDA:3,(anonymous_0)
DA:5,3
LF:1
LH:1
BRF:0
BRH:0
end_of_record
